4.5 miles separation => 7.40e-03 deg at 8.79 R_E
CDAWeb ECI (MMSi_MEC_SRVY_L2_EPHT89D)
  MMS1 mean distance: 8.79 R_E
    Minimum distance from centroid: 4.04 km
  MMS2 mean distance: 8.79 R_E
    Minimum distance from centroid: 2.98 km
  MMS3 mean distance: 8.79 R_E
    Minimum distance from centroid: 3.07 km
  MMS4 mean distance: 8.79 R_E
    Minimum distance from centroid: 3.99 km
MMS1-MMS2
  Minimum separation distance and angle: 6.00 km  and 6.13e-03 deg
MMS1-MMS3
  Minimum separation distance and angle: 6.07 km  and 6.20e-03 deg
MMS1-MMS4
  Minimum separation distance and angle: 2.21 km  and 2.25e-03 deg
MMS2-MMS3
  Minimum separation distance and angle: 4.59 km  and 4.69e-03 deg
MMS2-MMS4
  Minimum separation distance and angle: 5.54 km  and 5.66e-03 deg
MMS3-MMS4
  Minimum separation distance and angle: 5.72 km  and 5.84e-03 deg
Writing: figures/mms_separation/mms_separation_CDAWeb_ECI_MMSi_MEC_SRVY_L2_EPHT89D.pdf
Writing: figures/mms_separation/svg/mms_separation_CDAWeb_ECI_MMSi_MEC_SRVY_L2_EPHT89D.svg
Writing: figures/mms_separation/png/mms_separation_CDAWeb_ECI_MMSi_MEC_SRVY_L2_EPHT89D.png

----------------------------------------
CDAWeb data MEC_SRVY_L2_EPHT89D (first few rows):
                                      x             y             z
2016-09-14 00:00:00+00:00  11273.905011 -67444.002234 -28467.088764
2016-09-14 00:00:30+00:00  11300.853554 -67428.951918 -28452.431453
2016-09-14 00:01:00+00:00  11327.792105 -67413.842080 -28437.749021
2016-09-14 00:01:30+00:00  11354.720678 -67398.672625 -28423.041425
2016-09-14 00:02:00+00:00  11381.639202 -67383.443586 -28408.308707

SSCWeb data TOD (first few rows):
                                      x             y             z
2016-09-14 00:00:30+00:00  11601.899862 -67382.497787 -28441.998959
2016-09-14 00:01:30+00:00  11655.700207 -67351.999283 -28412.599563
2016-09-14 00:02:30+00:00  11709.300280 -67321.295739 -28382.999897
2016-09-14 00:03:30+00:00  11762.900352 -67290.296554 -28353.400231
2016-09-14 00:04:30+00:00  11816.599369 -67259.101868 -28323.600292
----------------------------------------
CDAWeb data MEC_SRVY_L2_EPHT89D (first few rows):
                                      x             y             z
2016-09-14 00:00:00+00:00  11273.905011 -67444.002234 -28467.088764
2016-09-14 00:00:30+00:00  11300.853554 -67428.951918 -28452.431453
2016-09-14 00:01:00+00:00  11327.792105 -67413.842080 -28437.749021
2016-09-14 00:01:30+00:00  11354.720678 -67398.672625 -28423.041425
2016-09-14 00:02:00+00:00  11381.639202 -67383.443586 -28408.308707

SSCWeb data TOD (first few rows):
                                      x             y             z
2016-09-14 00:00:30+00:00  11609.799862 -67382.702827 -28434.100151
2016-09-14 00:01:30+00:00  11663.500071 -67352.294922 -28404.600621
2016-09-14 00:02:30+00:00  11717.200279 -67321.600914 -28375.000954
2016-09-14 00:03:30+00:00  11770.800352 -67290.601730 -28345.301151
2016-09-14 00:04:30+00:00  11824.400425 -67259.397506 -28315.598965
----------------------------------------
CDAWeb data MEC_SRVY_L2_EPHT89D (first few rows):
                                      x             y             z
2016-09-14 00:00:00+00:00  11273.905011 -67444.002234 -28467.088764
2016-09-14 00:00:30+00:00  11300.853554 -67428.951918 -28452.431453
2016-09-14 00:01:00+00:00  11327.792105 -67413.842080 -28437.749021
2016-09-14 00:01:30+00:00  11354.720678 -67398.672625 -28423.041425
2016-09-14 00:02:00+00:00  11381.639202 -67383.443586 -28408.308707

SSCWeb data TOD (first few rows):
                                      x             y             z
2016-09-14 00:00:30+00:00  11603.599787 -67391.204834 -28439.099789
2016-09-14 00:01:30+00:00  11657.299995 -67360.796928 -28409.600258
2016-09-14 00:02:30+00:00  11711.000204 -67330.102921 -28380.000591
2016-09-14 00:03:30+00:00  11764.599085 -67299.103737 -28350.300789
2016-09-14 00:04:30+00:00  11818.200350 -67267.999649 -28320.598602
----------------------------------------
CDAWeb data MEC_SRVY_L2_EPHT89D (first few rows):
                                      x             y             z
2016-09-14 00:00:00+00:00  11273.905011 -67444.002234 -28467.088764
2016-09-14 00:00:30+00:00  11300.853554 -67428.951918 -28452.431453
2016-09-14 00:01:00+00:00  11327.792105 -67413.842080 -28437.749021
2016-09-14 00:01:30+00:00  11354.720678 -67398.672625 -28423.041425
2016-09-14 00:02:00+00:00  11381.639202 -67383.443586 -28408.308707

SSCWeb data TOD (first few rows):
                                      x             y             z
2016-09-14 00:00:30+00:00  11598.799229 -67386.202812 -28433.799744
2016-09-14 00:01:30+00:00  11652.499438 -67355.704308 -28404.300213
2016-09-14 00:02:30+00:00  11706.099510 -67325.000763 -28374.800682
2016-09-14 00:03:30+00:00  11759.700775 -67294.001580 -28345.198631
2016-09-14 00:04:30+00:00  11813.400984 -67262.797356 -28315.401077
  MMS1 mean distance: 8.79 R_E
    Minimum distance from centroid: 3.96 km
  MMS2 mean distance: 8.79 R_E
    Minimum distance from centroid: 2.91 km
  MMS3 mean distance: 8.79 R_E
    Minimum distance from centroid: 3.02 km
  MMS4 mean distance: 8.79 R_E
    Minimum distance from centroid: 3.95 km
MMS1-MMS2
  Minimum separation distance and angle: 5.96 km  and 6.09e-03 deg
MMS1-MMS3
  Minimum separation distance and angle: 5.94 km  and 6.07e-03 deg
MMS1-MMS4
  Minimum separation distance and angle: 2.17 km  and 2.22e-03 deg
MMS2-MMS3
  Minimum separation distance and angle: 4.52 km  and 4.62e-03 deg
MMS2-MMS4
  Minimum separation distance and angle: 5.48 km  and 5.60e-03 deg
MMS3-MMS4
  Minimum separation distance and angle: 5.64 km  and 5.76e-03 deg
Writing: figures/mms_separation/mms_separation_SSCWeb_TOD.pdf
Writing: figures/mms_separation/svg/mms_separation_SSCWeb_TOD.svg
Writing: figures/mms_separation/png/mms_separation_SSCWeb_TOD.png
