4.5 miles separation => 7.40e-03 deg at 8.79 R_E
CDAWeb ECI (MMSi_MEC_SRVY_L2_EPHT89D)
  MMS1 mean distance: 8.79 R_E
    Minimum distance from centroid: 4.04 km
  MMS2 mean distance: 8.79 R_E
    Minimum distance from centroid: 2.98 km
  MMS3 mean distance: 8.79 R_E
    Minimum distance from centroid: 3.07 km
  MMS4 mean distance: 8.79 R_E
    Minimum distance from centroid: 3.99 km
MMS1-MMS2
  Minimum separation distance and angle: 6.00 km  and 6.13e-03 deg
MMS1-MMS3
  Minimum separation distance and angle: 6.07 km  and 6.20e-03 deg
MMS1-MMS4
  Minimum separation distance and angle: 2.21 km  and 2.25e-03 deg
MMS2-MMS3
  Minimum separation distance and angle: 4.59 km  and 4.69e-03 deg
MMS2-MMS4
  Minimum separation distance and angle: 5.54 km  and 5.66e-03 deg
MMS3-MMS4
  Minimum separation distance and angle: 5.72 km  and 5.84e-03 deg
Writing: figures/mms_separation/mms_separation_CDAWeb_ECI_MMSi_MEC_SRVY_L2_EPHT89D.pdf
Writing: figures/mms_separation/svg/mms_separation_CDAWeb_ECI_MMSi_MEC_SRVY_L2_EPHT89D.svg
Writing: figures/mms_separation/png/mms_separation_CDAWeb_ECI_MMSi_MEC_SRVY_L2_EPHT89D.png

  MMS1 mean distance: 8.79 R_E
    Minimum distance from centroid: 3.96 km
  MMS2 mean distance: 8.79 R_E
    Minimum distance from centroid: 2.91 km
  MMS3 mean distance: 8.79 R_E
    Minimum distance from centroid: 3.02 km
  MMS4 mean distance: 8.79 R_E
    Minimum distance from centroid: 3.95 km
MMS1-MMS2
  Minimum separation distance and angle: 5.96 km  and 6.09e-03 deg
MMS1-MMS3
  Minimum separation distance and angle: 5.94 km  and 6.07e-03 deg
MMS1-MMS4
  Minimum separation distance and angle: 2.17 km  and 2.22e-03 deg
MMS2-MMS3
  Minimum separation distance and angle: 4.52 km  and 4.62e-03 deg
MMS2-MMS4
  Minimum separation distance and angle: 5.48 km  and 5.60e-03 deg
MMS3-MMS4
  Minimum separation distance and angle: 5.64 km  and 5.76e-03 deg
Writing: figures/mms_separation/mms_separation_SSCWeb_J2K.pdf
Writing: figures/mms_separation/svg/mms_separation_SSCWeb_J2K.svg
Writing: figures/mms_separation/png/mms_separation_SSCWeb_J2K.png
----------------------------------------
MMS4
----------------------------------------
CDAWeb data MEC_SRVY_L2_EPHT89D (first few rows):
                                      x             y             z
2016-09-14 00:00:00+00:00  11277.097903 -67440.323121 -28475.308335
2016-09-14 00:00:30+00:00  11304.045267 -67425.274494 -28460.648540
2016-09-14 00:01:00+00:00  11330.982630 -67410.166357 -28445.963621
2016-09-14 00:01:30+00:00  11357.910027 -67394.998586 -28431.253525
2016-09-14 00:02:00+00:00  11384.827363 -67379.771203 -28416.518288

SSCWeb data J2K (first few rows):
                                      x             y             z
2016-09-14 00:00:30+00:00  11303.947746 -67425.277649 -28460.588409
2016-09-14 00:01:30+00:00  11357.909249 -67394.980410 -28431.276471
2016-09-14 00:02:30+00:00  11411.671572 -67364.477384 -28401.763938
2016-09-14 00:03:30+00:00  11465.435001 -67333.678722 -28372.251405
2016-09-14 00:04:30+00:00  11519.298428 -67302.684928 -28342.538762
----------------------------------------
MMS4
----------------------------------------
CDAWeb data MEC_SRVY_L2_EPHT89D (first few rows):
                                      x             y             z
2016-09-14 00:00:00+00:00  11284.982676 -67440.585932 -28467.333720
2016-09-14 00:00:30+00:00  11311.934823 -67425.538008 -28452.675185
2016-09-14 00:01:00+00:00  11338.876977 -67410.430541 -28437.991530
2016-09-14 00:01:30+00:00  11365.809054 -67395.263512 -28423.282753
2016-09-14 00:02:00+00:00  11392.731144 -67380.036872 -28408.548817

SSCWeb data J2K (first few rows):
                                      x             y             z
2016-09-14 00:00:30+00:00  11311.859735 -67425.512220 -28452.702434
2016-09-14 00:01:30+00:00  11365.720927 -67395.305205 -28423.290198
2016-09-14 00:02:30+00:00  11419.583350 -67364.812090 -28393.777826
2016-09-14 00:03:30+00:00  11473.346941 -67334.013429 -28364.165158
2016-09-14 00:04:30+00:00  11527.111301 -67303.009728 -28334.550106
----------------------------------------
MMS4
----------------------------------------
CDAWeb data MEC_SRVY_L2_EPHT89D (first few rows):
                                      x             y             z
2016-09-14 00:00:00+00:00  11278.759801 -67449.071475 -28472.301578
2016-09-14 00:00:30+00:00  11305.699601 -67434.032033 -28457.650102
2016-09-14 00:01:00+00:00  11332.629535 -67418.932952 -28442.973431
2016-09-14 00:01:30+00:00  11359.549462 -67403.774307 -28428.271629
2016-09-14 00:02:00+00:00  11386.459350 -67388.556086 -28413.544701

SSCWeb data J2K (first few rows):
                                      x             y             z
2016-09-14 00:00:30+00:00  11305.619839 -67433.990993 -28457.691975
2016-09-14 00:01:30+00:00  11359.481031 -67403.783979 -28428.279739
2016-09-14 00:02:30+00:00  11413.343454 -67373.290864 -28398.767368
2016-09-14 00:03:30+00:00  11467.105852 -67342.492197 -28369.154698
2016-09-14 00:04:30+00:00  11520.871031 -67311.588636 -28339.539648
----------------------------------------
MMS4
----------------------------------------
CDAWeb data MEC_SRVY_L2_EPHT89D (first few rows):
                                      x             y             z
2016-09-14 00:00:00+00:00  11273.905011 -67444.002234 -28467.088764
2016-09-14 00:00:30+00:00  11300.853554 -67428.951918 -28452.431453
2016-09-14 00:01:00+00:00  11327.792105 -67413.842080 -28437.749021
2016-09-14 00:01:30+00:00  11354.720678 -67398.672625 -28423.041425
2016-09-14 00:02:00+00:00  11381.639202 -67383.443586 -28408.308707

SSCWeb data J2K (first few rows):
                                      x             y             z
2016-09-14 00:00:30+00:00  11300.846607 -67428.971091 -28452.384161
2016-09-14 00:01:30+00:00  11354.708137 -67398.673478 -28422.971925
2016-09-14 00:02:30+00:00  11408.470299 -67368.170452 -28393.559527
2016-09-14 00:03:30+00:00  11462.234923 -67337.371794 -28364.044612
2016-09-14 00:04:30+00:00  11516.099573 -67306.368468 -28334.334355
